<?xml version="1.0" encoding="UTF-8"?>
<!-- Generated by org.testng.reporters.JUnitXMLReporter -->
<testsuite ignored="0" hostname="LAPTOP-O93SABU5" failures="0" tests="3" name="SeleniumInterviewQuestions" time="6.467" errors="0" timestamp="2024-04-20T17:56:12 IST">
  <testcase classname="com.selenium.testNg.SuiteExample" name="openAmazon" time="2.793"/>
  <testcase classname="com.selenium.testNg.SuiteExample" name="openFacebook" time="1.256"/>
  <testcase classname="com.selenium.testNg.SuiteExample" name="openGoogle" time="2.388"/>
</testsuite> <!-- SeleniumInterviewQuestions -->
