<?xml version="1.0" encoding="UTF-8"?>
<!-- Generated by org.testng.reporters.JUnitXMLReporter -->
<testsuite ignored="0" hostname="LAPTOP-O93SABU5" failures="2" tests="2" name="SeleniumInterviewQuestions" time="0.027" errors="0" timestamp="2024-04-12T11:51:06 IST">
  <testcase classname="com.selenium.interviewquestion.TestCase" name="testCase2" time="0.002">
    <failure type="java.lang.AssertionError" message="expected [false] but found [true]">
      <![CDATA[java.lang.AssertionError: expected [false] but found [true]
at com.selenium.interviewquestion.TestCase.testCase2(TestCase.java:14)
at java.base/java.util.ArrayList.forEach(ArrayList.java:1596)
at com.intellij.rt.testng.IDEARemoteTestNG.run(IDEARemoteTestNG.java:65)
at com.intellij.rt.testng.RemoteTestNGStarter.main(RemoteTestNGStarter.java:105)
... Removed 28 stack frames]]>
    </failure>
  </testcase> <!-- testCase2 -->
  <testcase classname="com.selenium.interviewquestion.TestCase" name="testcase1" time="0.0">
    <failure type="java.lang.AssertionError" message="expected [false] but found [true]">
      <![CDATA[java.lang.AssertionError: expected [false] but found [true]
at com.selenium.interviewquestion.TestCase.testcase1(TestCase.java:10)
at java.base/java.util.ArrayList.forEach(ArrayList.java:1596)
at com.intellij.rt.testng.IDEARemoteTestNG.run(IDEARemoteTestNG.java:65)
at com.intellij.rt.testng.RemoteTestNGStarter.main(RemoteTestNGStarter.java:105)
... Removed 28 stack frames]]>
    </failure>
  </testcase> <!-- testcase1 -->
</testsuite> <!-- SeleniumInterviewQuestions -->
