<?xml version="1.0" encoding="UTF-8"?>
<testng-results ignored="0" total="3" passed="3" failed="0" skipped="0">
  <reporter-output>
  </reporter-output>
  <suite started-at="2024-04-20T17:56:06 IST" name="Default Suite" finished-at="2024-04-20T17:56:12 IST" duration-ms="6467">
    <groups>
    </groups>
    <test started-at="2024-04-20T17:56:06 IST" name="SeleniumInterviewQuestions" finished-at="2024-04-20T17:56:12 IST" duration-ms="6467">
      <class name="com.selenium.testNg.SuiteExample">
        <test-method is-config="true" signature="openBrowser()[pri:0, instance:com.selenium.testNg.SuiteExample@5d47c63f]" started-at="2024-04-20T17:56:04 IST" name="openBrowser" finished-at="2024-04-20T17:56:06 IST" duration-ms="2109" status="PASS">
          <reporter-output>
          </reporter-output>
        </test-method> <!-- openBrowser -->
        <test-method signature="openAmazon()[pri:0, instance:com.selenium.testNg.SuiteExample@5d47c63f]" started-at="2024-04-20T17:56:06 IST" name="openAmazon" finished-at="2024-04-20T17:56:08 IST" duration-ms="2793" status="PASS">
          <reporter-output>
          </reporter-output>
        </test-method> <!-- openAmazon -->
        <test-method signature="openFacebook()[pri:0, instance:com.selenium.testNg.SuiteExample@5d47c63f]" started-at="2024-04-20T17:56:08 IST" name="openFacebook" finished-at="2024-04-20T17:56:10 IST" duration-ms="1256" status="PASS">
          <reporter-output>
          </reporter-output>
        </test-method> <!-- openFacebook -->
        <test-method signature="openGoogle()[pri:0, instance:com.selenium.testNg.SuiteExample@5d47c63f]" started-at="2024-04-20T17:56:10 IST" name="openGoogle" finished-at="2024-04-20T17:56:12 IST" duration-ms="2388" status="PASS">
          <reporter-output>
          </reporter-output>
        </test-method> <!-- openGoogle -->
        <test-method is-config="true" signature="tearDown()[pri:0, instance:com.selenium.testNg.SuiteExample@5d47c63f]" started-at="2024-04-20T17:56:12 IST" name="tearDown" finished-at="2024-04-20T17:56:12 IST" duration-ms="153" status="PASS">
          <reporter-output>
          </reporter-output>
        </test-method> <!-- tearDown -->
      </class> <!-- com.selenium.testNg.SuiteExample -->
    </test> <!-- SeleniumInterviewQuestions -->
  </suite> <!-- Default Suite -->
</testng-results>
